[12/Sep/2017 13:59:07] "GET / HTTP/1.1" 200 1716
[12/Sep/2017 13:59:11] "GET /admin/ HTTP/1.1" 302 0
[12/Sep/2017 13:59:11] "GET /admin/login/?next=/admin/ HTTP/1.1" 200 1654
[12/Sep/2017 13:59:22] "POST /admin/login/?next=/admin/ HTTP/1.1" 302 0
[12/Sep/2017 13:59:22] "GET /admin/ HTTP/1.1" 200 3401
[12/Sep/2017 13:59:22] "GET /static/admin/css/base.css HTTP/1.1" 304 0
[12/Sep/2017 13:59:22] "GET /static/admin/css/dashboard.css HTTP/1.1" 200 412
[12/Sep/2017 13:59:23] "GET /static/admin/css/fonts.css HTTP/1.1" 304 0
[12/Sep/2017 13:59:23] "GET /static/admin/fonts/Roboto-Light-webfont.woff HTTP/1.1" 304 0
[12/Sep/2017 13:59:23] "GET /static/admin/img/icon-addlink.svg HTTP/1.1" 200 331
[12/Sep/2017 13:59:23] "GET /static/admin/img/icon-changelink.svg HTTP/1.1" 200 380
[12/Sep/2017 13:59:23] "GET /static/admin/fonts/Roboto-Bold-webfont.woff HTTP/1.1" 200 82564
[12/Sep/2017 13:59:23] "GET /static/admin/fonts/Roboto-Regular-webfont.woff HTTP/1.1" 304 0
[12/Sep/2017 13:59:31] "GET /admin/auth/user/ HTTP/1.1" 200 6462
[12/Sep/2017 13:59:31] "GET /admin/jsi18n/ HTTP/1.1" 200 3189
[12/Sep/2017 13:59:31] "GET /static/admin/js/vendor/jquery/jquery.js HTTP/1.1" 200 258648
[12/Sep/2017 13:59:31] "GET /static/admin/js/core.js HTTP/1.1" 200 7976
[12/Sep/2017 13:59:31] "GET /static/admin/css/changelists.css HTTP/1.1" 200 6170
[12/Sep/2017 13:59:31] "GET /static/admin/js/admin/RelatedObjectLookups.js HTTP/1.1" 200 6591
[12/Sep/2017 13:59:31] "GET /static/admin/js/jquery.init.js HTTP/1.1" 200 363
[12/Sep/2017 13:59:31] "GET /static/admin/js/actions.js HTTP/1.1" 200 6501
[12/Sep/2017 13:59:31] "GET /static/admin/js/urlify.js HTTP/1.1" 200 8186
[12/Sep/2017 13:59:31] "GET /static/admin/js/prepopulate.js HTTP/1.1" 200 1538
[12/Sep/2017 13:59:31] "GET /static/admin/js/vendor/xregexp/xregexp.js HTTP/1.1" 200 128820
[12/Sep/2017 13:59:32] "GET /static/admin/img/search.svg HTTP/1.1" 200 458
[12/Sep/2017 13:59:32] "GET /static/admin/img/icon-yes.svg HTTP/1.1" 200 436
[12/Sep/2017 13:59:33] "GET /static/admin/img/sorting-icons.svg HTTP/1.1" 200 1097
[12/Sep/2017 13:59:33] "GET /static/admin/img/tooltag-add.svg HTTP/1.1" 200 331
[12/Sep/2017 13:59:36] "GET /admin/jsi18n/ HTTP/1.1" 200 3189
[12/Sep/2017 13:59:39] "GET /admin/ HTTP/1.1" 200 3401
[12/Sep/2017 13:59:52] "GET /admin/blog/post/ HTTP/1.1" 200 3022
[12/Sep/2017 13:59:52] "GET /admin/jsi18n/ HTTP/1.1" 200 3189
[12/Sep/2017 13:59:56] "GET /admin/blog/post/add/ HTTP/1.1" 200 7122
[12/Sep/2017 13:59:57] "GET /admin/jsi18n/ HTTP/1.1" 200 3189
[12/Sep/2017 13:59:57] "GET /static/admin/css/forms.css HTTP/1.1" 200 8173
[12/Sep/2017 13:59:57] "GET /static/admin/js/calendar.js HTTP/1.1" 200 7790
[12/Sep/2017 13:59:57] "GET /static/admin/js/admin/DateTimeShortcuts.js HTTP/1.1" 200 20529
[12/Sep/2017 13:59:57] "GET /static/admin/css/widgets.css HTTP/1.1" 200 10340
[12/Sep/2017 13:59:57] "GET /static/admin/js/change_form.js HTTP/1.1" 200 712
[12/Sep/2017 13:59:57] "GET /static/admin/js/prepopulate_init.js HTTP/1.1" 200 495
[12/Sep/2017 13:59:57] "GET /static/admin/img/icon-calendar.svg HTTP/1.1" 200 1086
[12/Sep/2017 13:59:57] "GET /static/admin/img/icon-clock.svg HTTP/1.1" 200 677
[12/Sep/2017 14:00:02] "GET /admin/jsi18n/ HTTP/1.1" 200 3189
[12/Sep/2017 14:00:03] "POST /admin/blog/post/add/ HTTP/1.1" 302 0
[12/Sep/2017 14:00:03] "GET /admin/blog/post/ HTTP/1.1" 200 4315
[12/Sep/2017 14:00:03] "GET /admin/jsi18n/ HTTP/1.1" 200 3189
[12/Sep/2017 14:00:08] "GET /admin/jsi18n/ HTTP/1.1" 200 3189
Performing system checks...

System check identified no issues (0 silenced).
September 12, 2017 - 13:59:04
Django version 1.11.5, using settings 'Django.settings'
Starting development server at http://0.0.0.0:8000/
Quit the server with CONTROL-C.
Unhandled exception in thread started by <function check_errors.<locals>.wrapper at 0x7f6480146c80>
Traceback (most recent call last):
  File "/usr/local/lib/python3.4/dist-packages/django/utils/autoreload.py", line 228, in wrapper
    fn(*args, **kwargs)
  File "/usr/local/lib/python3.4/dist-packages/django/core/management/commands/runserver.py", line 117, in inner_run
    autoreload.raise_last_exception()
  File "/usr/local/lib/python3.4/dist-packages/django/utils/autoreload.py", line 251, in raise_last_exception
    six.reraise(*_exception)
  File "/usr/local/lib/python3.4/dist-packages/django/utils/six.py", line 685, in reraise
    raise value.with_traceback(tb)
  File "/usr/local/lib/python3.4/dist-packages/django/utils/autoreload.py", line 228, in wrapper
    fn(*args, **kwargs)
  File "/usr/local/lib/python3.4/dist-packages/django/__init__.py", line 27, in setup
    apps.populate(settings.INSTALLED_APPS)
  File "/usr/local/lib/python3.4/dist-packages/django/apps/registry.py", line 116, in populate
    app_config.ready()
  File "/usr/local/lib/python3.4/dist-packages/django/contrib/admin/apps.py", line 23, in ready
    self.module.autodiscover()
  File "/usr/local/lib/python3.4/dist-packages/django/contrib/admin/__init__.py", line 26, in autodiscover
    autodiscover_modules('admin', register_to=site)
  File "/usr/local/lib/python3.4/dist-packages/django/utils/module_loading.py", line 50, in autodiscover_modules
    import_module('%s.%s' % (app_config.name, module_to_search))
  File "/usr/lib/python3.4/importlib/__init__.py", line 109, in import_module
    return _bootstrap._gcd_import(name[level:], package, level)
  File "<frozen importlib._bootstrap>", line 2254, in _gcd_import
  File "<frozen importlib._bootstrap>", line 2237, in _find_and_load
  File "<frozen importlib._bootstrap>", line 2226, in _find_and_load_unlocked
  File "<frozen importlib._bootstrap>", line 1200, in _load_unlocked
  File "<frozen importlib._bootstrap>", line 1129, in _exec
  File "<frozen importlib._bootstrap>", line 1471, in exec_module
  File "<frozen importlib._bootstrap>", line 321, in _call_with_frames_removed
  File "/workspace/Django/blog/admin.py", line 4, in <module>
    admin.site.register()
TypeError: register() missing 1 required positional argument: 'model_or_iterable'
